Mon Aug 18 17:08:52 2025       
+---------------------------------------------------------------------------------------+
| NVIDIA-SMI 535.230.02             Driver Version: 535.230.02   CUDA Version: 12.2     |
|-----------------------------------------+----------------------+----------------------+
| GPU  Name                 Persistence-M | Bus-Id        Disp.A | Volatile Uncorr. ECC |
| Fan  Temp   Perf          Pwr:Usage/Cap |         Memory-Usage | GPU-Util  Compute M. |
|                                         |                      |               MIG M. |
|=========================================+======================+======================|
|   0  NVIDIA GeForce RTX 4090        Off | 00000000:01:00.0 Off |                  Off |
|  0%   49C    P2              94W / 450W |    915MiB / 24564MiB |     29%      Default |
|                                         |                      |                  N/A |
+-----------------------------------------+----------------------+----------------------+
|   1  NVIDIA GeForce RTX 4090        Off | 00000000:21:00.0 Off |                  Off |
|  0%   47C    P2              95W / 450W |    920MiB / 24564MiB |     26%      Default |
|                                         |                      |                  N/A |
+-----------------------------------------+----------------------+----------------------+
                                                                                         
+---------------------------------------------------------------------------------------+
| Processes:                                                                            |
|  GPU   GI   CI        PID   Type   Process name                            GPU Memory |
|        ID   ID                                                             Usage      |
|=======================================================================================|
|    0   N/A  N/A      2788      G   /usr/lib/xorg/Xorg                            4MiB |
|    0   N/A  N/A   1673152      C   ...our/miniconda3/envs/spy/bin/python3      898MiB |
|    1   N/A  N/A      2788      G   /usr/lib/xorg/Xorg                            9MiB |
|    1   N/A  N/A      2958      G   /usr/bin/gnome-shell                         10MiB |
|    1   N/A  N/A   1673150      C   ...our/miniconda3/envs/spy/bin/python3      884MiB |
+---------------------------------------------------------------------------------------+
mumbai
[SNR] Eb/N0 = 0 dB
[1.14621686 1.12194031 1.05478194 1.05818253 1.06207001 1.06320558
 1.0838577 ]
[1.27583033 1.14737747 1.21343536 1.146245   1.20008872 1.1971879
 1.21538781]
[1.86708095 1.64091285 1.53519129 1.53733332 1.48105115 1.52944317
 1.4642252 ]
[1.47988125 1.40579377 1.34306589 1.36619903 1.35075207 1.39327865
 1.38160248]
[1.41114091 1.29960847 1.24757501 1.28253498 1.2843395  1.31895853
 1.33319896]
[1.79824995 1.62595634 1.53080558 1.54533706 1.60541632 1.55193124
 1.56213559]
[1.56419946 1.39165963 1.29864675 1.33156284 1.37269417 1.34016646
 1.34937552]
[1.82656142 1.55176723 1.43992955 1.47234964 1.47329635 1.45398246
 1.5038711 ]
[1.10178169 1.0799924  1.01798526 1.02025383 1.01430214 1.06536801
 1.03319177]
[1.41857078 1.3884497  1.35061126 1.30761586 1.26050947 1.28380452
 1.34068321]
[1.28292969 1.12409511 1.09234042 1.12035118 1.15807083 1.11809471
 1.15799162]
[1.3016071  1.0978734  1.08881877 1.08581517 1.11077224 1.08036791
 1.12165635]
[1.59937096 1.36466399 1.21394346 1.24011319 1.2509074  1.22625018
 1.26434101]
[1.88022338 1.69227116 1.49242761 1.48416715 1.51717394 1.48006057
 1.42167191]
[1.39689224 1.3151115  1.28810859 1.25899771 1.30880644 1.25912475
 1.22987659]
[1.17066355 1.1513524  1.10403732 1.11788375 1.10166489 1.1186223
 1.14874557]
[1.4885914  1.45142278 1.38383837 1.32643297 1.37057664 1.3944913
 1.39455281]
[0.88995534 0.88471388 0.90584897 0.84498803 0.89237641 0.88603829
 0.94028268]
[1.69997862 1.56511655 1.58535766 1.46806379 1.42485501 1.43303514
 1.49733666]
[1.41210298 1.28482664 1.20729668 1.26484619 1.25609192 1.26744315
 1.26822254]
[0.95989796 0.92313551 0.96257923 0.90047452 0.92960111 0.94181376
 0.92312304]
[1.61936975 1.38768356 1.36578347 1.35003101 1.33958249 1.3667415
 1.38294485]
[SNR] Eb/N0 = 3 dB
[1.19986502 1.10392143 1.08503373 1.08363684 1.11416881 1.16329875
 1.15812298]
[0.95208576 0.93595783 0.86911597 0.86408896 0.87492047 0.91368071
 0.88487927]
[1.55912435 1.25638338 1.24948589 1.21473151 1.22738566 1.23222896
 1.22055861]
[1.01749108 0.98037217 0.9318898  0.97224409 0.94336529 1.02588196
 1.01664841]
[0.75916575 0.73998587 0.72097744 0.76108389 0.73906738 0.74975702
 0.80334946]
[0.48758528 0.48854749 0.46508216 0.48222229 0.49907685 0.5370845
 0.56953263]
[0.91893416 0.87232312 0.85783862 0.88418005 0.87557713 0.91429041
 0.90916376]
[1.4853463  1.33697113 1.26243498 1.22597617 1.22815024 1.24624619
 1.2848498 ]
[1.24419696 1.0598786  1.05099729 1.03678073 1.0087578  1.09618363
 1.10508204]
[1.40994147 1.25472527 1.21802094 1.1642441  1.1120113  1.14197514
 1.18202474]
[1.58090805 1.12359055 1.04050518 1.06192445 1.02465918 1.03306314
 1.08235783]
[1.14433468 1.08550699 1.02385643 1.06230548 1.12596863 1.06931718
 1.08620328]
[1.66860528 1.24208708 1.2961728  1.23770962 1.26285337 1.22933192
 1.31373452]
[1.53215985 1.2929567  1.22121864 1.17243791 1.23395949 1.21566881
 1.250236  ]
[1.54804586 1.2916171  1.35614335 1.38557596 1.34279906 1.38428088
 1.45884509]
[1.41133461 1.31748186 1.25811511 1.24280868 1.18916284 1.23677174
 1.24194582]
[1.00014408 0.9013422  0.8621202  0.90721494 0.91599817 0.87190588
 0.95771203]
[1.51864194 1.26988087 1.22718589 1.24916142 1.20039697 1.2724435
 1.31432284]
[1.20813547 1.06404202 0.95621724 0.94451956 0.95775662 0.98788018
 1.01179977]
[1.12734431 0.93383059 0.92885991 0.95544405 0.97639505 0.93535776
 1.06339112]
[1.5532389  1.29586851 1.30831152 1.23085217 1.28240149 1.26029808
 1.34692086]
[1.18010445 1.08472549 1.09923123 1.04802227 1.03576785 1.07181589
 1.06696147]
[SNR] Eb/N0 = 6 dB
[1.15389252 1.03753083 0.98136144 0.95443853 1.00361751 1.00348089
 1.05671735]
[1.25325114 0.69940232 0.70797904 0.68840733 0.69517511 0.76490128
 0.7724363 ]
[1.5472957  1.0361448  0.9765709  0.965574   0.95173143 1.02146765
 1.01160351]
[0.402935   0.39033893 0.3930399  0.38507739 0.42513624 0.42487089
 0.46003175]
[1.45231211 1.05135915 0.98621276 0.99809418 0.96451983 0.9133093
 0.94200448]
[1.18525046 0.9071286  0.83832089 0.89319953 0.89786858 0.95221024
 1.00115771]
[1.1915791  1.10496813 1.05148035 1.07805583 1.03915618 1.06974973
 1.10792673]
[0.79049055 0.66616914 0.69204176 0.63937758 0.63813074 0.67545097
 0.72170809]
[1.07684824 0.93074669 0.8938955  0.93355968 0.92848136 0.95079686
 0.99302865]
[1.04558571 1.01060841 0.94784556 0.95514354 0.96155993 0.98843715
 1.00588247]
[0.57616206 0.56107644 0.54297372 0.57674169 0.56862212 0.62502127
 0.66659422]
[0.92673461 0.72318566 0.64576724 0.67738232 0.68212737 0.67414062
 0.71192253]
[0.67605661 0.65001471 0.65008737 0.62360328 0.64586224 0.67443721
 0.72780482]
[1.10424382 0.98782488 0.95272423 0.91200917 0.92872996 0.95895251
 0.97288994]
[1.12888955 0.82560545 0.73906157 0.76615704 0.76678632 0.78854789
 0.8346263 ]
[1.21467922 1.05924529 0.96976205 0.94067496 1.02309602 1.0125924
 1.0647066 ]
[1.2601547  1.12081807 1.04860326 1.03832012 1.00571839 0.98246131
 1.01373045]
[0.70822367 0.66081449 0.64025777 0.67924647 0.68145728 0.70459334
 0.76900047]
[0.93171605 0.75359426 0.72761038 0.68890142 0.69006766 0.71242377
 0.73677866]
[0.3857166  0.37925081 0.38376234 0.39150048 0.39869783 0.43874549
 0.49900159]
[1.17147502 1.16647543 1.13885404 1.13659891 1.15585598 1.1182502
 1.17066984]
[1.40644317 1.26325837 1.12856974 1.15186214 1.16626684 1.20027663
 1.18412546]
[SNR] Eb/N0 = 9 dB
[0.95201897 0.60098206 0.55429426 0.54258356 0.57711334 0.61008044
 0.64393108]
[1.05655375 0.87420243 0.84787972 0.84622706 0.82158649 0.87422425
 0.94390265]
[1.17454432 0.71116717 0.68944646 0.66628804 0.68495945 0.69026174
 0.76352318]
[0.67352182 0.54046903 0.50798023 0.51951989 0.53231185 0.57460346
 0.60523532]
[0.9538795  0.8747525  0.75031997 0.74100237 0.75393039 0.78739169
 0.83545314]
[0.92881133 0.77085734 0.73914033 0.7164124  0.72127445 0.79936698
 0.88259087]
[0.99130058 0.84321996 0.69984226 0.7237813  0.73554616 0.75214235
 0.80161269]
[0.63537705 0.62140689 0.59139256 0.56315314 0.58643857 0.65272748
 0.71761681]
[1.14040477 0.58506153 0.51175597 0.5022903  0.52608716 0.60152158
 0.62509174]
[0.80029442 0.77151631 0.7454768  0.7893567  0.76910766 0.8036991
 0.82230866]
[1.39165831 1.08114372 1.02538573 0.88078786 0.90895527 0.90276644
 0.90815212]
[0.55363304 0.52770243 0.52211638 0.53306964 0.54480515 0.57543551
 0.66123716]
[0.72697808 0.65958365 0.63585695 0.71618997 0.67380701 0.73149732
 0.79330172]
[0.93333384 0.82963326 0.82828379 0.76377962 0.77507559 0.84302524
 0.91831964]
[0.39227324 0.38212141 0.40665042 0.40769196 0.42644311 0.45580946
 0.53331145]
[0.8760722  0.63193674 0.52761985 0.54401079 0.53484699 0.60083206
 0.64186051]
[1.13730009 0.79405407 0.76801833 0.75480944 0.77642035 0.80091769
 0.81274062]
[1.22420431 0.82581693 0.72106726 0.66719169 0.69075833 0.69745967
 0.73363313]
[1.21394434 0.83696072 0.71278427 0.74453873 0.74986964 0.78396665
 0.81976832]
[1.14261811 0.80813824 0.75709363 0.72048795 0.72790284 0.75579282
 0.80463003]
[0.80318742 0.60463729 0.52445548 0.57048074 0.59582177 0.61097526
 0.69785592]
[0.78901398 0.7404097  0.68324472 0.70051818 0.73058951 0.82625113
 0.90990331]
[SNR] Eb/N0 = 12 dB
[0.27466403 0.28081958 0.28764305 0.30679143 0.33853518 0.401876
 0.48729506]
[1.26450848 0.87977545 0.78950325 0.64381599 0.64186324 0.68704206
 0.74860193]
[0.16707254 0.16792722 0.18755561 0.21568154 0.26226111 0.31969775
 0.42112714]
[0.76692933 0.55862739 0.50803779 0.49769005 0.50223411 0.53949852
 0.64096936]
[0.90704823 0.52761998 0.43367221 0.42406206 0.42586337 0.4702075
 0.52011321]
[0.60463168 0.51982388 0.51503002 0.51355263 0.52861654 0.55265279
 0.6333134 ]
[0.64571577 0.62363735 0.55113061 0.58317603 0.55465668 0.63256288
 0.67911826]
[0.36958488 0.36811679 0.3880329  0.40423756 0.44663738 0.52135396
 0.57125586]
[0.67901422 0.65344331 0.63539853 0.62097768 0.68186283 0.71952517
 0.79259332]
[0.6293402  0.55335336 0.52511916 0.54343448 0.54392527 0.59694308
 0.62493528]
[0.85763789 0.49432347 0.37936263 0.38189223 0.39768503 0.44871947
 0.50457821]
[0.79754167 0.62630852 0.59479779 0.62268754 0.63383921 0.66747034
 0.80145731]
[1.32531225 0.75298251 0.71330062 0.69925168 0.65372508 0.67868443
 0.72143274]
